<?xml version="1.0" encoding="UTF-8"?>
<testng-results skipped="0" failed="0" ignored="0" total="1" passed="1">
  <reporter-output>
  </reporter-output>
  <suite name="Starbucks Suite" duration-ms="18121" started-at="2018-10-20T18:01:42Z" finished-at="2018-10-20T18:02:00Z">
    <groups>
    </groups>
    <test name="My trainning" duration-ms="18121" started-at="2018-10-20T18:01:42Z" finished-at="2018-10-20T18:02:00Z">
      <class name="tests.StarbucksTests">
        <test-method status="PASS" signature="beforeSuite(java.lang.String)[pri:0, instance:tests.StarbucksTests@490ab905]" name="beforeSuite" is-config="true" duration-ms="4978" started-at="2018-10-20T13:01:37Z" finished-at="2018-10-20T13:01:42Z">
          <params>
            <param index="0">
              <value>
                <![CDATA[firefox]]>
              </value>
            </param>
          </params>
          <reporter-output>
          </reporter-output>
        </test-method> <!-- beforeSuite -->
        <test-method status="PASS" signature="GiftCardsSesion(java.lang.String, java.lang.String)[pri:3, instance:tests.StarbucksTests@490ab905]" name="GiftCardsSesion" duration-ms="18086" started-at="2018-10-20T13:01:42Z" data-provider="Authentication" finished-at="2018-10-20T13:02:00Z">
          <params>
            <param index="0">
              <value>
                <![CDATA[tae.globant.training@gmail.com]]>
              </value>
            </param>
            <param index="1">
              <value>
                <![CDATA[GlobantTAE_1]]>
              </value>
            </param>
          </params>
          <reporter-output>
          </reporter-output>
        </test-method> <!-- GiftCardsSesion -->
      </class> <!-- tests.StarbucksTests -->
    </test> <!-- My trainning -->
  </suite> <!-- Starbucks Suite -->
</testng-results>
